C:\ddksample\apps-src\SDL\SDL2_mixer-2.0.1\VisualC\\Win32\Release\timidity.lib
C:\ddksample\apps-src\SDL\SDL2_mixer-2.0.1\VisualC\timidity\Win32\Release\cl.command.1.tlog
C:\ddksample\apps-src\SDL\SDL2_mixer-2.0.1\VisualC\timidity\Win32\Release\CL.read.1.tlog
C:\ddksample\apps-src\SDL\SDL2_mixer-2.0.1\VisualC\timidity\Win32\Release\CL.write.1.tlog
C:\DDKSAMPLE\APPS-SRC\SDL\SDL2_MIXER-2.0.1\VISUALC\TIMIDITY\WIN32\RELEASE\COMMON.OBJ
C:\DDKSAMPLE\APPS-SRC\SDL\SDL2_MIXER-2.0.1\VISUALC\TIMIDITY\WIN32\RELEASE\CTRLMODE.OBJ
C:\DDKSAMPLE\APPS-SRC\SDL\SDL2_MIXER-2.0.1\VISUALC\TIMIDITY\WIN32\RELEASE\FILTER.OBJ
C:\DDKSAMPLE\APPS-SRC\SDL\SDL2_MIXER-2.0.1\VISUALC\TIMIDITY\WIN32\RELEASE\INSTRUM.OBJ
C:\ddksample\apps-src\SDL\SDL2_mixer-2.0.1\VisualC\timidity\Win32\Release\lib.command.1.tlog
C:\ddksample\apps-src\SDL\SDL2_mixer-2.0.1\VisualC\timidity\Win32\Release\Lib-link.read.1.tlog
C:\ddksample\apps-src\SDL\SDL2_mixer-2.0.1\VisualC\timidity\Win32\Release\Lib-link.write.1.tlog
C:\DDKSAMPLE\APPS-SRC\SDL\SDL2_MIXER-2.0.1\VISUALC\TIMIDITY\WIN32\RELEASE\MIX.OBJ
C:\DDKSAMPLE\APPS-SRC\SDL\SDL2_MIXER-2.0.1\VISUALC\TIMIDITY\WIN32\RELEASE\OUTPUT.OBJ
C:\DDKSAMPLE\APPS-SRC\SDL\SDL2_MIXER-2.0.1\VISUALC\TIMIDITY\WIN32\RELEASE\PLAYMIDI.OBJ
C:\DDKSAMPLE\APPS-SRC\SDL\SDL2_MIXER-2.0.1\VISUALC\TIMIDITY\WIN32\RELEASE\READMIDI.OBJ
C:\DDKSAMPLE\APPS-SRC\SDL\SDL2_MIXER-2.0.1\VISUALC\TIMIDITY\WIN32\RELEASE\RESAMPLE.OBJ
C:\DDKSAMPLE\APPS-SRC\SDL\SDL2_MIXER-2.0.1\VISUALC\TIMIDITY\WIN32\RELEASE\SDL_A.OBJ
C:\DDKSAMPLE\APPS-SRC\SDL\SDL2_MIXER-2.0.1\VISUALC\TIMIDITY\WIN32\RELEASE\SDL_C.OBJ
C:\DDKSAMPLE\APPS-SRC\SDL\SDL2_MIXER-2.0.1\VISUALC\TIMIDITY\WIN32\RELEASE\TABLES.OBJ
C:\DDKSAMPLE\APPS-SRC\SDL\SDL2_MIXER-2.0.1\VISUALC\TIMIDITY\WIN32\RELEASE\TIMIDITY.OBJ
C:\ddksample\apps-src\SDL\SDL2_mixer-2.0.1\VisualC\timidity\Win32\Release\timidity.write.1.tlog
C:\DDKSAMPLE\APPS-SRC\SDL\SDL2_MIXER-2.0.1\VISUALC\TIMIDITY\WIN32\RELEASE\VC100.PDB
C:\DDKSAMPLE\APPS-SRC\SDL\SDL2_MIXER-2.0.1\VISUALC\WIN32\RELEASE\TIMIDITY.LIB
