Build started 2016/3/25 9:47:15.
     1>Project "C:\ddksample\apps-src\SDL\SDL2_mixer-2.0.1\VisualC\timidity\timidity.vcxproj" on node 3 (rebuild target(s)).
     1>_PrepareForClean:
         Deleting file "Win32\Release\timidity.lastbuildstate".
       InitializeBuildStatus:
         Creating "Win32\Release\timidity.unsuccessfulbuild" because "AlwaysCreate" was specified.
       ClCompile:
         C:\Program Files (x86)\Microsoft Visual Studio 10.0\VC\bin\CL.exe /c /I..\..\..\..\linker\include\SDL2 /Zi /nologo /W3 /WX- /O2 /Oy- /D WIN32 /D NDEBUG /D _WINDOWS /D _CRT_SECURE_NO_WARNINGS /D _VC80_UPGRADE=0x0600 /Gm- /EHsc /MT /GS /arch:SSE /fp:precise /Zc:wchar_t /Zc:forScope /Fo"Win32\Release\\" /Fd"Win32\Release\vc100.pdb" /Gd /TC /analyze- /errorReport:prompt ..\..\timidity\common.c ..\..\timidity\ctrlmode.c ..\..\timidity\filter.c ..\..\timidity\instrum.c ..\..\timidity\mix.c ..\..\timidity\output.c ..\..\timidity\playmidi.c ..\..\timidity\readmidi.c ..\..\timidity\resample.c ..\..\timidity\sdl_a.c ..\..\timidity\sdl_c.c ..\..\timidity\tables.c ..\..\timidity\timidity.c
         common.c
         ctrlmode.c
         filter.c
         instrum.c
         mix.c
         output.c
         playmidi.c
         readmidi.c
         resample.c
         sdl_a.c
         sdl_c.c
         tables.c
         timidity.c
         Generating Code...
       Lib:
         C:\Program Files (x86)\Microsoft Visual Studio 10.0\VC\bin\Lib.exe /OUT:"C:\ddksample\apps-src\SDL\SDL2_mixer-2.0.1\VisualC\\Win32\Release\timidity.lib" /NOLOGO Win32\Release\common.obj
         Win32\Release\ctrlmode.obj
         Win32\Release\filter.obj
         Win32\Release\instrum.obj
         Win32\Release\mix.obj
         Win32\Release\output.obj
         Win32\Release\playmidi.obj
         Win32\Release\readmidi.obj
         Win32\Release\resample.obj
         Win32\Release\sdl_a.obj
         Win32\Release\sdl_c.obj
         Win32\Release\tables.obj
         Win32\Release\timidity.obj
         timidity.vcxproj -> C:\ddksample\apps-src\SDL\SDL2_mixer-2.0.1\VisualC\\Win32\Release\timidity.lib
       FinalizeBuildStatus:
         Deleting file "Win32\Release\timidity.unsuccessfulbuild".
         Touching "Win32\Release\timidity.lastbuildstate".
     1>Done Building Project "C:\ddksample\apps-src\SDL\SDL2_mixer-2.0.1\VisualC\timidity\timidity.vcxproj" (rebuild target(s)).

Build succeeded.

Time Elapsed 00:00:01.54
